<?xml version="1.0" encoding="UTF-8"?>
<!-- Generated by org.testng.reporters.JUnitReportReporter -->
<testsuite hostname="DESKTOP-KCH4APJ" failures="0" tests="12" name="runner.TestNGrunner" time="34.999" errors="0" timestamp="2024-10-26T00:27:16 EDT" skipped="0">
  <testcase classname="runner.TestNGrunner" name="runScenario" time="2.516"/>
  <testcase classname="runner.TestNGrunner" name="runScenario" time="2.580"/>
  <testcase classname="runner.TestNGrunner" name="runScenario" time="2.658"/>
  <testcase classname="runner.TestNGrunner" name="runScenario" time="2.532"/>
  <testcase classname="runner.TestNGrunner" name="runScenario" time="2.422"/>
  <testcase classname="runner.TestNGrunner" name="runScenario" time="3.154"/>
  <testcase classname="runner.TestNGrunner" name="runScenario" time="2.666"/>
  <testcase classname="runner.TestNGrunner" name="runScenario" time="2.764"/>
  <testcase classname="runner.TestNGrunner" name="runScenario" time="5.582"/>
  <testcase classname="runner.TestNGrunner" name="runScenario" time="2.658"/>
  <testcase classname="runner.TestNGrunner" name="runScenario" time="2.616"/>
  <testcase classname="runner.TestNGrunner" name="runScenario" time="2.851"/>
</testsuite> <!-- runner.TestNGrunner -->
