<?xml version="1.0" encoding="UTF-8"?>
<!-- Generated by org.testng.reporters.JUnitReportReporter -->
<testsuite hostname="DESKTOP-KCH4APJ" failures="0" tests="1" name="runner.TestNGrunner" time="3.410" errors="1" timestamp="2024-10-24T10:33:12 EDT" skipped="0">
  <testcase classname="runner.TestNGrunner" name="runScenario" time="3.410">
    <error type="java.lang.NullPointerException">
      <![CDATA[java.lang.NullPointerException
at java.base/java.util.Objects.requireNonNull(Objects.java:233)
at java.base/java.util.ImmutableCollections$Map1.<init>(ImmutableCollections.java:1112)
at java.base/java.util.Map.of(Map.java:1365)
at org.openqa.selenium.remote.DriverCommand.GET(DriverCommand.java:180)
at org.openqa.selenium.remote.RemoteWebDriver.get(RemoteWebDriver.java:300)
at stepdefinitions.Steps_Login.admin_is_in_home_page(Steps_Login.java:15)
at âœ½.Admin is in Home Page(file:///C:/Users/ishwa/git/LMS_UI2024/src/test/resources/features/Login.feature:7)
]]>
    </error>
  </testcase> <!-- runScenario -->
</testsuite> <!-- runner.TestNGrunner -->
