<?xml version="1.0" encoding="UTF-8"?>
<!-- Generated by org.testng.reporters.JUnitReportReporter -->
<testsuite hostname="Parikshits-MBP" failures="0" tests="2" name="runner.TestNGrunner" time="8.169" errors="0" timestamp="2024-10-25T18:44:46 EDT" skipped="0">
  <testcase classname="runner.TestNGrunner" name="runScenario" time="2.999"/>
  <testcase classname="runner.TestNGrunner" name="runScenario" time="5.170"/>
</testsuite> <!-- runner.TestNGrunner -->
